<?xml version="1.0" encoding="UTF-8"?>
<testsuite xmlns:xsi="http://www.w3.org/2001/XMLSchema-instance" xsi:noNamespaceSchemaLocation="https://maven.apache.org/surefire/maven-surefire-plugin/xsd/surefire-test-report.xsd" version="3.0.2" name="com.onepercentgrowth.local_to_smartapi.LocalToSmartapiApplicationTests" time="4.708" tests="1" errors="0" skipped="0" failures="0">
  <properties>
[...]
</properties>
  <testcase name="contextLoads" classname="com.onepercentgrowth.local_to_smartapi.LocalToSmartapiApplicationTests" time="1.053">
    <system-out><![CDATA[15:53:16.538 [main] INFO org.springframework.test.context.support.AnnotationConfigContextLoaderUtils -- Could not detect default configuration classes for test class [com.onepercentgrowth.local_to_smartapi.LocalToSmartapiApplicationTests]: LocalToSmartapiApplicationTests does not declare any static, non-private, non-final, nested classes annotated with @Configuration.
15:53:16.703 [main] INFO org.springframework.boot.test.context.SpringBootTestContextBootstrapper -- Found @SpringBootConfiguration com.onepercentgrowth.local_to_smartapi.LocalToSmartapiApplication for test class com.onepercentgrowth.local_to_smartapi.LocalToSmartapiApplicationTests
15:53:16.922 [main] INFO org.springframework.boot.devtools.restart.RestartApplicationListener -- Restart disabled due to context in which it is running

  .   ____          _            __ _ _
 /\\ / ___'_ __ _ _(_)_ __  __ _ \ \ \ \
( ( )\___ | '_ | '_| | '_ \/ _` | \ \ \ \
 \\/  ___)| |_)| | | | | || (_| |  ) ) ) )
  '  |____| .__|_| |_|_| |_\__, | / / / /
 =========|_|==============|___/=/_/_/_/

 :: Spring Boot ::                (v4.0.0)

2025-11-30T15:53:17.303+05:30  INFO 26056 --- [local_to_smartapi] [           main] c.o.l.LocalToSmartapiApplicationTests    : Starting LocalToSmartapiApplicationTests using Java 21.0.9 with PID 26056 (started by nikhi in D:\portable\springboot\wrkspc\1_percent_growth\local_to_smartapi)
2025-11-30T15:53:17.306+05:30  INFO 26056 --- [local_to_smartapi] [           main] c.o.l.LocalToSmartapiApplicationTests    : No active profile set, falling back to 1 default profile: "default"
2025-11-30T15:53:19.360+05:30  INFO 26056 --- [local_to_smartapi] [           main] o.s.b.a.e.web.EndpointLinksResolver      : Exposing 1 endpoint beneath base path '/actuator'
2025-11-30T15:53:19.871+05:30  INFO 26056 --- [local_to_smartapi] [           main] c.o.l.LocalToSmartapiApplicationTests    : Started LocalToSmartapiApplicationTests in 2.965 seconds (process running for 5.245)
]]></system-out>
    <system-err><![CDATA[Mockito is currently self-attaching to enable the inline-mock-maker. This will no longer work in future releases of the JDK. Please add Mockito as an agent to your build as described in Mockito's documentation: https://javadoc.io/doc/org.mockito/mockito-core/latest/org.mockito/org/mockito/Mockito.html#0.3
WARNING: A Java agent has been loaded dynamically (C:\Users\nikhi\.m2\repository\net\bytebuddy\byte-buddy-agent\1.17.8\byte-buddy-agent-1.17.8.jar)
WARNING: If a serviceability tool is in use, please run with -XX:+EnableDynamicAgentLoading to hide this warning
WARNING: If a serviceability tool is not in use, please run with -Djdk.instrument.traceUsage for more information
WARNING: Dynamic loading of agents will be disallowed by default in a future release
]]></system-err>
  </testcase>
</testsuite>